  Compiling CUDA source file Rendering\rendering.cu...
  
  C:\Users\arthu\source\repos\Atlast Engine\Atlast Engine>"C:\Program Files\NVIDIA GPU Computing Toolkit\CUDA\v11.4\bin\nvcc.exe" -gencode=arch=compute_52,code=\"sm_52,compute_52\" --use-local-env -ccbin "C:\Program Files (x86)\Microsoft Visual Studio\2019\Community\VC\Tools\MSVC\14.28.29333\bin\HostX86\x64" -x cu -rdc=true  -IC:\Users\arthu\opencv\opencv\build\include -I"C:\Program Files\NVIDIA GPU Computing Toolkit\CUDA\v11.4\include" -I"C:\Program Files\NVIDIA GPU Computing Toolkit\CUDA\v11.4\include"     --keep-dir x64\Release -use_fast_math -maxrregcount=0  --machine 64 --compile -cudart shared -lineinfo -O3   -DWIN32 -DWIN64 -DNDEBUG -D_CONSOLE -D_MBCS -Xcompiler "/EHsc /W3 /nologo /O2 /Fdx64\Release\vc142.pdb /FS   /MD " -o x64\Release\rendering.cu.obj "C:\Users\arthu\source\repos\Atlast Engine\Atlast Engine\Rendering\rendering.cu" 
C:/Users/arthu/opencv/opencv/build/include\opencv2/stitching/detail/warpers.hpp(235): warning : overloaded virtual function "cv::detail::PlaneWarper::buildMaps" is only partially overridden in class "cv::detail::AffineWarper"
  
C:/Users/arthu/opencv/opencv/build/include\opencv2/stitching/detail/warpers.hpp(235): warning : overloaded virtual function "cv::detail::PlaneWarper::warp" is only partially overridden in class "cv::detail::AffineWarper"
  
C:/Users/arthu/opencv/opencv/build/include\opencv2/stitching/detail/blenders.hpp(100): warning : overloaded virtual function "cv::detail::Blender::prepare" is only partially overridden in class "cv::detail::FeatherBlender"
  
C:/Users/arthu/opencv/opencv/build/include\opencv2/stitching/detail/blenders.hpp(127): warning : overloaded virtual function "cv::detail::Blender::prepare" is only partially overridden in class "cv::detail::MultiBandBlender"
  
c:\users\arthu\source\repos\atlast engine\atlast engine\rendering\rendering.cu(140): warning : missing return statement at end of non-void function "Atlast::Rendering::Device::device_bvh"
  
c:\users\arthu\source\repos\atlast engine\atlast engine\rendering\rendering.cu(570): warning : a __device__ function("Atlast::Rendering::Device::triangle_clip_against_plane") redeclared without __device__, hence treated as a __host__ __device__ function
  
C:/Users/arthu/opencv/opencv/build/include\opencv2/stitching/detail/warpers.hpp(235): warning : overloaded virtual function "cv::detail::PlaneWarper::buildMaps" is only partially overridden in class "cv::detail::AffineWarper"
  
C:/Users/arthu/opencv/opencv/build/include\opencv2/stitching/detail/warpers.hpp(235): warning : overloaded virtual function "cv::detail::PlaneWarper::warp" is only partially overridden in class "cv::detail::AffineWarper"
  
C:/Users/arthu/opencv/opencv/build/include\opencv2/stitching/detail/blenders.hpp(100): warning : overloaded virtual function "cv::detail::Blender::prepare" is only partially overridden in class "cv::detail::FeatherBlender"
  
C:/Users/arthu/opencv/opencv/build/include\opencv2/stitching/detail/blenders.hpp(127): warning : overloaded virtual function "cv::detail::Blender::prepare" is only partially overridden in class "cv::detail::MultiBandBlender"
  
  rendering.cu
c:\users\arthu\source\repos\atlast engine\atlast engine\rendering\classes.cuh(319): warning C4267: 'initializing': conversion from 'size_t' to 'unsigned int', possible loss of data
c:\users\arthu\source\repos\atlast engine\atlast engine\rendering\classes.cuh(576): warning C4267: '+=': conversion from 'size_t' to 'int', possible loss of data
c:\users\arthu\source\repos\atlast engine\atlast engine\rendering\rendering.cu(679): warning C4267: 'argument': conversion from 'size_t' to 'unsigned int', possible loss of data
  
  C:\Users\arthu\source\repos\Atlast Engine\Atlast Engine>"C:\Program Files\NVIDIA GPU Computing Toolkit\CUDA\v11.4\bin\nvcc.exe" -dlink -o "x64\Release\Atlast Engine.device-link.obj" -Xcompiler "/EHsc /W3 /nologo /O2 /Fdx64\Release\vc142.pdb   /MD " -LC:\Users\arthu\opencv\opencv\build\x64\vc15\lib -L"C:\Program Files\NVIDIA GPU Computing Toolkit\CUDA\v11.4\bin/crt" -LC:\Users\arthu\opencv\opencv\build\x64\vc15\lib -L"C:\Program Files\NVIDIA GPU Computing Toolkit\CUDA\v11.4\lib\x64" opencv_world453.lib cudart_static.lib kernel32.lib user32.lib gdi32.lib winspool.lib comdlg32.lib advapi32.lib shell32.lib ole32.lib oleaut32.lib uuid.lib odbc32.lib odbccp32.lib cudart.lib cudadevrt.lib  -gencode=arch=compute_52,code=sm_52  --machine 64 x64\Release\atlast.cuh.obj x64\Release\linalg.cu.obj x64\Release\math.cu.obj x64\Release\rendering.cu.obj x64\Release\testing.cu.obj 
  opencv_world453.lib
  cudart_static.lib
  kernel32.lib
  user32.lib
  gdi32.lib
  winspool.lib
  comdlg32.lib
  advapi32.lib
  shell32.lib
  ole32.lib
  oleaut32.lib
  uuid.lib
  odbc32.lib
  odbccp32.lib
  cudart.lib
  cudadevrt.lib
  atlast.cuh.obj
  linalg.cu.obj
  math.cu.obj
  rendering.cu.obj
  testing.cu.obj
     Creating library C:\Users\arthu\source\repos\Atlast Engine\x64\Release\Atlast Engine.lib and object C:\Users\arthu\source\repos\Atlast Engine\x64\Release\Atlast Engine.exp
  LINK : /LTCG specified but no code generation required; remove /LTCG from the link command line to improve linker performance
  Atlast Engine.vcxproj -> C:\Users\arthu\source\repos\Atlast Engine\x64\Release\Atlast Engine.exe
